<?xml version="1.0" encoding="UTF-8"?>
<testsuite name="pl.edu.pjatk.simulator.service.CompartmentServiceTest" tests="4" skipped="0" failures="0" errors="0" timestamp="2020-12-21T11:46:23" hostname="ArchLegion" time="0.012">
  <properties/>
  <testcase name="createOrUpdateShouldAddCompartment()" classname="pl.edu.pjatk.simulator.service.CompartmentServiceTest" time="0.004"/>
  <testcase name="getById()" classname="pl.edu.pjatk.simulator.service.CompartmentServiceTest" time="0.003"/>
  <testcase name="createOrUpdateShouldUpdateCompartment()" classname="pl.edu.pjatk.simulator.service.CompartmentServiceTest" time="0.003"/>
  <testcase name="deleteById()" classname="pl.edu.pjatk.simulator.service.CompartmentServiceTest" time="0.002"/>
  <system-out><![CDATA[2020-12-21 12:46:23.491  INFO 78994 --- [    Test worker] .b.t.c.SpringBootTestContextBootstrapper : Neither @ContextConfiguration nor @ContextHierarchy found for test class [pl.edu.pjatk.simulator.service.CompartmentServiceTest], using SpringBootContextLoader
2020-12-21 12:46:23.491  INFO 78994 --- [    Test worker] o.s.t.c.support.AbstractContextLoader    : Could not detect default resource locations for test class [pl.edu.pjatk.simulator.service.CompartmentServiceTest]: no resource found for suffixes {-context.xml, Context.groovy}.
2020-12-21 12:46:23.492  INFO 78994 --- [    Test worker] t.c.s.AnnotationConfigContextLoaderUtils : Could not detect default configuration classes for test class [pl.edu.pjatk.simulator.service.CompartmentServiceTest]: CompartmentServiceTest does not declare any static, non-private, non-final, nested classes annotated with @Configuration.
2020-12-21 12:46:23.492  INFO 78994 --- [    Test worker] .b.t.c.SpringBootTestContextBootstrapper : Found @SpringBootConfiguration pl.edu.pjatk.simulator.Application for test class pl.edu.pjatk.simulator.service.CompartmentServiceTest
2020-12-21 12:46:23.493  INFO 78994 --- [    Test worker] .b.t.c.SpringBootTestContextBootstrapper : Loaded default TestExecutionListener class names from location [META-INF/spring.factories]: [org.springframework.boot.test.autoconfigure.restdocs.RestDocsTestExecutionListener, org.springframework.boot.test.autoconfigure.web.client.MockRestServiceServerResetTestExecutionListener, org.springframework.boot.test.autoconfigure.web.servlet.MockMvcPrintOnlyOnFailureTestExecutionListener, org.springframework.boot.test.autoconfigure.web.servlet.WebDriverTestExecutionListener, org.springframework.boot.test.autoconfigure.webservices.client.MockWebServiceServerTestExecutionListener, org.springframework.boot.test.mock.mockito.MockitoTestExecutionListener, org.springframework.boot.test.mock.mockito.ResetMocksTestExecutionListener, org.springframework.test.context.web.ServletTestExecutionListener, org.springframework.test.context.support.DirtiesContextBeforeModesTestExecutionListener, org.springframework.test.context.support.DependencyInjectionTestExecutionListener, org.springframework.test.context.support.DirtiesContextTestExecutionListener, org.springframework.test.context.transaction.TransactionalTestExecutionListener, org.springframework.test.context.jdbc.SqlScriptsTestExecutionListener, org.springframework.test.context.event.EventPublishingTestExecutionListener]
2020-12-21 12:46:23.494  INFO 78994 --- [    Test worker] .b.t.c.SpringBootTestContextBootstrapper : Using TestExecutionListeners: [org.springframework.test.context.web.ServletTestExecutionListener@396fd184, org.springframework.test.context.support.DirtiesContextBeforeModesTestExecutionListener@58f146f6, org.springframework.boot.test.mock.mockito.MockitoTestExecutionListener@27f6e7b8, org.springframework.boot.test.autoconfigure.SpringBootDependencyInjectionTestExecutionListener@2dc57c5f, org.springframework.test.context.support.DirtiesContextTestExecutionListener@6a617b92, org.springframework.test.context.transaction.TransactionalTestExecutionListener@387556de, org.springframework.test.context.jdbc.SqlScriptsTestExecutionListener@28aebd4f, org.springframework.test.context.event.EventPublishingTestExecutionListener@2e0f1b81, org.springframework.boot.test.autoconfigure.restdocs.RestDocsTestExecutionListener@4f535839, org.springframework.boot.test.autoconfigure.web.client.MockRestServiceServerResetTestExecutionListener@5d0234ab, org.springframework.boot.test.autoconfigure.web.servlet.MockMvcPrintOnlyOnFailureTestExecutionListener@1bae81, org.springframework.boot.test.autoconfigure.web.servlet.WebDriverTestExecutionListener@561e7e10, org.springframework.boot.test.autoconfigure.webservices.client.MockWebServiceServerTestExecutionListener@359767a, org.springframework.boot.test.mock.mockito.ResetMocksTestExecutionListener@4f32add6]
]]></system-out>
  <system-err><![CDATA[]]></system-err>
</testsuite>
