<?xml version="1.0" encoding="UTF-8"?>
<testsuite name="pl.edu.pjatk.simulator.ApplicationTest" tests="1" skipped="0" failures="0" errors="0" timestamp="2020-12-20T20:41:41" hostname="ArchLegion" time="0.098">
  <properties/>
  <testcase name="contextLoads()" classname="pl.edu.pjatk.simulator.ApplicationTest" time="0.098"/>
  <system-out><![CDATA[21:41:38.617 [Test worker] DEBUG org.springframework.test.context.BootstrapUtils - Instantiating CacheAwareContextLoaderDelegate from class [org.springframework.test.context.cache.DefaultCacheAwareContextLoaderDelegate]
21:41:38.624 [Test worker] DEBUG org.springframework.test.context.BootstrapUtils - Instantiating BootstrapContext using constructor [public org.springframework.test.context.support.DefaultBootstrapContext(java.lang.Class,org.springframework.test.context.CacheAwareContextLoaderDelegate)]
21:41:38.640 [Test worker] DEBUG org.springframework.test.context.BootstrapUtils - Instantiating TestContextBootstrapper for test class [pl.edu.pjatk.simulator.ApplicationTest] from class [org.springframework.boot.test.context.SpringBootTestContextBootstrapper]
21:41:38.648 [Test worker] INFO org.springframework.boot.test.context.SpringBootTestContextBootstrapper - Neither @ContextConfiguration nor @ContextHierarchy found for test class [pl.edu.pjatk.simulator.ApplicationTest], using SpringBootContextLoader
21:41:38.651 [Test worker] DEBUG org.springframework.test.context.support.AbstractContextLoader - Did not detect default resource location for test class [pl.edu.pjatk.simulator.ApplicationTest]: class path resource [pl/edu/pjatk/simulator/ApplicationTest-context.xml] does not exist
21:41:38.651 [Test worker] DEBUG org.springframework.test.context.support.AbstractContextLoader - Did not detect default resource location for test class [pl.edu.pjatk.simulator.ApplicationTest]: class path resource [pl/edu/pjatk/simulator/ApplicationTestContext.groovy] does not exist
21:41:38.651 [Test worker] INFO org.springframework.test.context.support.AbstractContextLoader - Could not detect default resource locations for test class [pl.edu.pjatk.simulator.ApplicationTest]: no resource found for suffixes {-context.xml, Context.groovy}.
21:41:38.652 [Test worker] INFO org.springframework.test.context.support.AnnotationConfigContextLoaderUtils - Could not detect default configuration classes for test class [pl.edu.pjatk.simulator.ApplicationTest]: ApplicationTest does not declare any static, non-private, non-final, nested classes annotated with @Configuration.
21:41:38.675 [Test worker] DEBUG org.springframework.test.context.support.ActiveProfilesUtils - Could not find an 'annotation declaring class' for annotation type [org.springframework.test.context.ActiveProfiles] and class [pl.edu.pjatk.simulator.ApplicationTest]
21:41:38.708 [Test worker] DEBUG org.springframework.context.annotation.ClassPathScanningCandidateComponentProvider - Identified candidate component class: file [/home/malar/Projects/IntelliJ/JAZ-SKM/simulator/build/classes/java/main/pl/edu/pjatk/simulator/Application.class]
21:41:38.709 [Test worker] INFO org.springframework.boot.test.context.SpringBootTestContextBootstrapper - Found @SpringBootConfiguration pl.edu.pjatk.simulator.Application for test class pl.edu.pjatk.simulator.ApplicationTest
21:41:38.761 [Test worker] DEBUG org.springframework.boot.test.context.SpringBootTestContextBootstrapper - @TestExecutionListeners is not present for class [pl.edu.pjatk.simulator.ApplicationTest]: using defaults.
21:41:38.761 [Test worker] INFO org.springframework.boot.test.context.SpringBootTestContextBootstrapper - Loaded default TestExecutionListener class names from location [META-INF/spring.factories]: [org.springframework.boot.test.autoconfigure.restdocs.RestDocsTestExecutionListener, org.springframework.boot.test.autoconfigure.web.client.MockRestServiceServerResetTestExecutionListener, org.springframework.boot.test.autoconfigure.web.servlet.MockMvcPrintOnlyOnFailureTestExecutionListener, org.springframework.boot.test.autoconfigure.web.servlet.WebDriverTestExecutionListener, org.springframework.boot.test.autoconfigure.webservices.client.MockWebServiceServerTestExecutionListener, org.springframework.boot.test.mock.mockito.MockitoTestExecutionListener, org.springframework.boot.test.mock.mockito.ResetMocksTestExecutionListener, org.springframework.test.context.web.ServletTestExecutionListener, org.springframework.test.context.support.DirtiesContextBeforeModesTestExecutionListener, org.springframework.test.context.support.DependencyInjectionTestExecutionListener, org.springframework.test.context.support.DirtiesContextTestExecutionListener, org.springframework.test.context.transaction.TransactionalTestExecutionListener, org.springframework.test.context.jdbc.SqlScriptsTestExecutionListener, org.springframework.test.context.event.EventPublishingTestExecutionListener]
21:41:38.769 [Test worker] INFO org.springframework.boot.test.context.SpringBootTestContextBootstrapper - Using TestExecutionListeners: [org.springframework.test.context.web.ServletTestExecutionListener@3a7108e9, org.springframework.test.context.support.DirtiesContextBeforeModesTestExecutionListener@4f2f3589, org.springframework.boot.test.mock.mockito.MockitoTestExecutionListener@c71af0f, org.springframework.boot.test.autoconfigure.SpringBootDependencyInjectionTestExecutionListener@13e7ef7a, org.springframework.test.context.support.DirtiesContextTestExecutionListener@21e39baf, org.springframework.test.context.transaction.TransactionalTestExecutionListener@17d66167, org.springframework.test.context.jdbc.SqlScriptsTestExecutionListener@16dead45, org.springframework.test.context.event.EventPublishingTestExecutionListener@3a6e1cdb, org.springframework.boot.test.autoconfigure.restdocs.RestDocsTestExecutionListener@76dd6da, org.springframework.boot.test.autoconfigure.web.client.MockRestServiceServerResetTestExecutionListener@23944209, org.springframework.boot.test.autoconfigure.web.servlet.MockMvcPrintOnlyOnFailureTestExecutionListener@404367bb, org.springframework.boot.test.autoconfigure.web.servlet.WebDriverTestExecutionListener@a0133ac, org.springframework.boot.test.autoconfigure.webservices.client.MockWebServiceServerTestExecutionListener@6333ef30, org.springframework.boot.test.mock.mockito.ResetMocksTestExecutionListener@62b67d55]
21:41:38.771 [Test worker] DEBUG org.springframework.test.context.support.AbstractDirtiesContextTestExecutionListener - Before test class: context [DefaultTestContext@50815ee9 testClass = ApplicationTest, testInstance = [null], testMethod = [null], testException = [null], mergedContextConfiguration = [WebMergedContextConfiguration@4df7a404 testClass = ApplicationTest, locations = '{}', classes = '{class pl.edu.pjatk.simulator.Application}', contextInitializerClasses = '[]', activeProfiles = '{}', propertySourceLocations = '{}', propertySourceProperties = '{org.springframework.boot.test.context.SpringBootTestContextBootstrapper=true}', contextCustomizers = set[org.springframework.boot.test.autoconfigure.properties.PropertyMappingContextCustomizer@0, org.springframework.boot.test.autoconfigure.web.servlet.WebDriverContextCustomizerFactory$Customizer@7647090c, org.springframework.boot.test.context.filter.ExcludeFilterContextCustomizer@d38dc5f, org.springframework.boot.test.json.DuplicateJsonObjectContextCustomizerFactory$DuplicateJsonObjectContextCustomizer@410aa7bf, org.springframework.boot.test.mock.mockito.MockitoContextCustomizer@0, org.springframework.boot.test.web.client.TestRestTemplateContextCustomizer@7963a3c, org.springframework.boot.test.context.SpringBootTestArgs@1], resourceBasePath = 'src/main/webapp', contextLoader = 'org.springframework.boot.test.context.SpringBootContextLoader', parent = [null]], attributes = map['org.springframework.test.context.web.ServletTestExecutionListener.activateListener' -> true]], class annotated with @DirtiesContext [false] with mode [null].
21:41:38.787 [Test worker] DEBUG org.springframework.test.context.support.TestPropertySourceUtils - Adding inlined properties to environment: {spring.jmx.enabled=false, org.springframework.boot.test.context.SpringBootTestContextBootstrapper=true}

  .   ____          _            __ _ _
 /\\ / ___'_ __ _ _(_)_ __  __ _ \ \ \ \
( ( )\___ | '_ | '_| | '_ \/ _` | \ \ \ \
 \\/  ___)| |_)| | | | | || (_| |  ) ) ) )
  '  |____| .__|_| |_|_| |_\__, | / / / /
 =========|_|==============|___/=/_/_/_/
 :: Spring Boot ::        (v2.3.4.RELEASE)

2020-12-20 21:41:38.937  INFO 246786 --- [    Test worker] pl.edu.pjatk.simulator.ApplicationTest   : Starting ApplicationTest on ArchLegion with PID 246786 (started by malar in /home/malar/Projects/IntelliJ/JAZ-SKM/simulator)
2020-12-20 21:41:38.938  INFO 246786 --- [    Test worker] pl.edu.pjatk.simulator.ApplicationTest   : No active profile set, falling back to default profiles: default
2020-12-20 21:41:39.322  INFO 246786 --- [    Test worker] .s.d.r.c.RepositoryConfigurationDelegate : Bootstrapping Spring Data JPA repositories in DEFERRED mode.
2020-12-20 21:41:39.367  INFO 246786 --- [    Test worker] .s.d.r.c.RepositoryConfigurationDelegate : Finished Spring Data repository scanning in 39ms. Found 3 JPA repository interfaces.
2020-12-20 21:41:39.703  INFO 246786 --- [    Test worker] com.zaxxer.hikari.HikariDataSource       : HikariPool-1 - Starting...
2020-12-20 21:41:39.830  INFO 246786 --- [    Test worker] com.zaxxer.hikari.HikariDataSource       : HikariPool-1 - Start completed.
2020-12-20 21:41:40.017  INFO 246786 --- [    Test worker] liquibase.lockservice                    : Successfully acquired change log lock
2020-12-20 21:41:40.187  INFO 246786 --- [    Test worker] liquibase.changelog                      : Creating database history table with name: PUBLIC.DATABASECHANGELOG
2020-12-20 21:41:40.190  INFO 246786 --- [    Test worker] liquibase.changelog                      : Reading from PUBLIC.DATABASECHANGELOG
2020-12-20 21:41:40.253  INFO 246786 --- [    Test worker] liquibase.changelog                      : Table trains created
2020-12-20 21:41:40.260  INFO 246786 --- [    Test worker] liquibase.changelog                      : Table compartments created
2020-12-20 21:41:40.263  INFO 246786 --- [    Test worker] liquibase.changelog                      : Table people created
2020-12-20 21:41:40.263  INFO 246786 --- [    Test worker] liquibase.changelog                      : ChangeSet /db/changelog/table/init-tables.yml::2020_12_10-initial-tables::jedrzej.bednarczyk ran successfully in 24ms
2020-12-20 21:41:40.275  INFO 246786 --- [    Test worker] liquibase.changelog                      : New row inserted into trains
2020-12-20 21:41:40.275  INFO 246786 --- [    Test worker] liquibase.changelog                      : New row inserted into trains
2020-12-20 21:41:40.276  INFO 246786 --- [    Test worker] liquibase.changelog                      : ChangeSet db/changelog/data/init-data-insert-trains.yml::2020_12_10-insert-initial-data-trains::jedrzej.bednarczyk ran successfully in 1ms
2020-12-20 21:41:40.283  INFO 246786 --- [    Test worker] liquibase.changelog                      : SQL in file db/changelog/data/sql/insert-compartments.sql executed
2020-12-20 21:41:40.283  INFO 246786 --- [    Test worker] liquibase.changelog                      : ChangeSet db/changelog/data/init-data-insert-compartments.yml::2020_12_10-insert-initial-data-compartments::jedrzej.bednarczyk ran successfully in 6ms
2020-12-20 21:41:40.286  INFO 246786 --- [    Test worker] liquibase.changelog                      : SQL in file db/changelog/data/sql/insert-people.sql executed
2020-12-20 21:41:40.286  INFO 246786 --- [    Test worker] liquibase.changelog                      : ChangeSet db/changelog/data/init-data-insert-people.yml::2020_12_10-insert-initial-data-people::jedrzej.bednarczyk ran successfully in 2ms
2020-12-20 21:41:40.288  INFO 246786 --- [    Test worker] liquibase.lockservice                    : Successfully released change log lock
2020-12-20 21:41:40.369  INFO 246786 --- [    Test worker] o.s.s.concurrent.ThreadPoolTaskExecutor  : Initializing ExecutorService 'applicationTaskExecutor'
2020-12-20 21:41:40.418  INFO 246786 --- [         task-1] o.hibernate.jpa.internal.util.LogHelper  : HHH000204: Processing PersistenceUnitInfo [name: default]
2020-12-20 21:41:40.451  INFO 246786 --- [         task-1] org.hibernate.Version                    : HHH000412: Hibernate ORM core version 5.4.21.Final
2020-12-20 21:41:40.540  INFO 246786 --- [         task-1] o.hibernate.annotations.common.Version   : HCANN000001: Hibernate Commons Annotations {5.1.0.Final}
2020-12-20 21:41:40.566  WARN 246786 --- [    Test worker] JpaBaseConfiguration$JpaWebConfiguration : spring.jpa.open-in-view is enabled by default. Therefore, database queries may be performed during view rendering. Explicitly configure spring.jpa.open-in-view to disable this warning
2020-12-20 21:41:40.617  INFO 246786 --- [         task-1] org.hibernate.dialect.Dialect            : HHH000400: Using dialect: org.hibernate.dialect.H2Dialect
2020-12-20 21:41:40.968  INFO 246786 --- [    Test worker] DeferredRepositoryInitializationListener : Triggering deferred initialization of Spring Data repositories…
2020-12-20 21:41:41.024  INFO 246786 --- [         task-1] o.h.e.t.j.p.i.JtaPlatformInitiator       : HHH000490: Using JtaPlatform implementation: [org.hibernate.engine.transaction.jta.platform.internal.NoJtaPlatform]
2020-12-20 21:41:41.029  INFO 246786 --- [         task-1] j.LocalContainerEntityManagerFactoryBean : Initialized JPA EntityManagerFactory for persistence unit 'default'
2020-12-20 21:41:41.165  INFO 246786 --- [    Test worker] DeferredRepositoryInitializationListener : Spring Data repositories initialized!
2020-12-20 21:41:41.171  INFO 246786 --- [    Test worker] pl.edu.pjatk.simulator.ApplicationTest   : Started ApplicationTest in 2.379 seconds (JVM running for 2.986)
]]></system-out>
  <system-err><![CDATA[]]></system-err>
</testsuite>
