<?xml version="1.0" encoding="UTF-8"?>
<testsuite name="pl.edu.pjatk.simulator.service.SkmServiceTest" tests="4" skipped="0" failures="0" errors="0" timestamp="2020-12-21T11:46:23" hostname="ArchLegion" time="0.015">
  <properties/>
  <testcase name="moveTimeForwardShouldGoBack()" classname="pl.edu.pjatk.simulator.service.SkmServiceTest" time="0.006"/>
  <testcase name="moveTimeForwardShouldMoveToTheNextStation()" classname="pl.edu.pjatk.simulator.service.SkmServiceTest" time="0.002"/>
  <testcase name="moveTimeForwardShouldWaitFor2()" classname="pl.edu.pjatk.simulator.service.SkmServiceTest" time="0.002"/>
  <testcase name="moveTimeForwardShouldAddPerson()" classname="pl.edu.pjatk.simulator.service.SkmServiceTest" time="0.002"/>
  <system-out><![CDATA[2020-12-21 12:46:23.526  INFO 78994 --- [    Test worker] .b.t.c.SpringBootTestContextBootstrapper : Neither @ContextConfiguration nor @ContextHierarchy found for test class [pl.edu.pjatk.simulator.service.SkmServiceTest], using SpringBootContextLoader
2020-12-21 12:46:23.526  INFO 78994 --- [    Test worker] o.s.t.c.support.AbstractContextLoader    : Could not detect default resource locations for test class [pl.edu.pjatk.simulator.service.SkmServiceTest]: no resource found for suffixes {-context.xml, Context.groovy}.
2020-12-21 12:46:23.526  INFO 78994 --- [    Test worker] t.c.s.AnnotationConfigContextLoaderUtils : Could not detect default configuration classes for test class [pl.edu.pjatk.simulator.service.SkmServiceTest]: SkmServiceTest does not declare any static, non-private, non-final, nested classes annotated with @Configuration.
2020-12-21 12:46:23.527  INFO 78994 --- [    Test worker] .b.t.c.SpringBootTestContextBootstrapper : Found @SpringBootConfiguration pl.edu.pjatk.simulator.Application for test class pl.edu.pjatk.simulator.service.SkmServiceTest
2020-12-21 12:46:23.528  INFO 78994 --- [    Test worker] .b.t.c.SpringBootTestContextBootstrapper : Loaded default TestExecutionListener class names from location [META-INF/spring.factories]: [org.springframework.boot.test.autoconfigure.restdocs.RestDocsTestExecutionListener, org.springframework.boot.test.autoconfigure.web.client.MockRestServiceServerResetTestExecutionListener, org.springframework.boot.test.autoconfigure.web.servlet.MockMvcPrintOnlyOnFailureTestExecutionListener, org.springframework.boot.test.autoconfigure.web.servlet.WebDriverTestExecutionListener, org.springframework.boot.test.autoconfigure.webservices.client.MockWebServiceServerTestExecutionListener, org.springframework.boot.test.mock.mockito.MockitoTestExecutionListener, org.springframework.boot.test.mock.mockito.ResetMocksTestExecutionListener, org.springframework.test.context.web.ServletTestExecutionListener, org.springframework.test.context.support.DirtiesContextBeforeModesTestExecutionListener, org.springframework.test.context.support.DependencyInjectionTestExecutionListener, org.springframework.test.context.support.DirtiesContextTestExecutionListener, org.springframework.test.context.transaction.TransactionalTestExecutionListener, org.springframework.test.context.jdbc.SqlScriptsTestExecutionListener, org.springframework.test.context.event.EventPublishingTestExecutionListener]
2020-12-21 12:46:23.528  INFO 78994 --- [    Test worker] .b.t.c.SpringBootTestContextBootstrapper : Using TestExecutionListeners: [org.springframework.test.context.web.ServletTestExecutionListener@450d5604, org.springframework.test.context.support.DirtiesContextBeforeModesTestExecutionListener@7e1ad631, org.springframework.boot.test.mock.mockito.MockitoTestExecutionListener@4dc61630, org.springframework.boot.test.autoconfigure.SpringBootDependencyInjectionTestExecutionListener@9126712, org.springframework.test.context.support.DirtiesContextTestExecutionListener@2600ad42, org.springframework.test.context.transaction.TransactionalTestExecutionListener@e834ced, org.springframework.test.context.jdbc.SqlScriptsTestExecutionListener@7309bc9b, org.springframework.test.context.event.EventPublishingTestExecutionListener@69b96f1f, org.springframework.boot.test.autoconfigure.restdocs.RestDocsTestExecutionListener@4a70a5d7, org.springframework.boot.test.autoconfigure.web.client.MockRestServiceServerResetTestExecutionListener@5e006c50, org.springframework.boot.test.autoconfigure.web.servlet.MockMvcPrintOnlyOnFailureTestExecutionListener@60d3fe6f, org.springframework.boot.test.autoconfigure.web.servlet.WebDriverTestExecutionListener@4230b4fd, org.springframework.boot.test.autoconfigure.webservices.client.MockWebServiceServerTestExecutionListener@da1ef71, org.springframework.boot.test.mock.mockito.ResetMocksTestExecutionListener@501e6079]
]]></system-out>
  <system-err><![CDATA[]]></system-err>
</testsuite>
