<?xml version="1.0" encoding="UTF-8"?>
<testsuite name="pl.edu.pjatk.simulator.service.TrainServiceTest" tests="4" skipped="0" failures="0" errors="0" timestamp="2020-12-21T11:46:23" hostname="ArchLegion" time="0.011">
  <properties/>
  <testcase name="getById()" classname="pl.edu.pjatk.simulator.service.TrainServiceTest" time="0.002"/>
  <testcase name="createOrUpdateShouldAddTrain()" classname="pl.edu.pjatk.simulator.service.TrainServiceTest" time="0.002"/>
  <testcase name="createOrUpdateShouldUpdateCompartment()" classname="pl.edu.pjatk.simulator.service.TrainServiceTest" time="0.003"/>
  <testcase name="deleteById()" classname="pl.edu.pjatk.simulator.service.TrainServiceTest" time="0.002"/>
  <system-out><![CDATA[2020-12-21 12:46:23.562  INFO 78994 --- [    Test worker] .b.t.c.SpringBootTestContextBootstrapper : Neither @ContextConfiguration nor @ContextHierarchy found for test class [pl.edu.pjatk.simulator.service.TrainServiceTest], using SpringBootContextLoader
2020-12-21 12:46:23.563  INFO 78994 --- [    Test worker] o.s.t.c.support.AbstractContextLoader    : Could not detect default resource locations for test class [pl.edu.pjatk.simulator.service.TrainServiceTest]: no resource found for suffixes {-context.xml, Context.groovy}.
2020-12-21 12:46:23.563  INFO 78994 --- [    Test worker] t.c.s.AnnotationConfigContextLoaderUtils : Could not detect default configuration classes for test class [pl.edu.pjatk.simulator.service.TrainServiceTest]: TrainServiceTest does not declare any static, non-private, non-final, nested classes annotated with @Configuration.
2020-12-21 12:46:23.563  INFO 78994 --- [    Test worker] .b.t.c.SpringBootTestContextBootstrapper : Found @SpringBootConfiguration pl.edu.pjatk.simulator.Application for test class pl.edu.pjatk.simulator.service.TrainServiceTest
2020-12-21 12:46:23.564  INFO 78994 --- [    Test worker] .b.t.c.SpringBootTestContextBootstrapper : Loaded default TestExecutionListener class names from location [META-INF/spring.factories]: [org.springframework.boot.test.autoconfigure.restdocs.RestDocsTestExecutionListener, org.springframework.boot.test.autoconfigure.web.client.MockRestServiceServerResetTestExecutionListener, org.springframework.boot.test.autoconfigure.web.servlet.MockMvcPrintOnlyOnFailureTestExecutionListener, org.springframework.boot.test.autoconfigure.web.servlet.WebDriverTestExecutionListener, org.springframework.boot.test.autoconfigure.webservices.client.MockWebServiceServerTestExecutionListener, org.springframework.boot.test.mock.mockito.MockitoTestExecutionListener, org.springframework.boot.test.mock.mockito.ResetMocksTestExecutionListener, org.springframework.test.context.web.ServletTestExecutionListener, org.springframework.test.context.support.DirtiesContextBeforeModesTestExecutionListener, org.springframework.test.context.support.DependencyInjectionTestExecutionListener, org.springframework.test.context.support.DirtiesContextTestExecutionListener, org.springframework.test.context.transaction.TransactionalTestExecutionListener, org.springframework.test.context.jdbc.SqlScriptsTestExecutionListener, org.springframework.test.context.event.EventPublishingTestExecutionListener]
2020-12-21 12:46:23.564  INFO 78994 --- [    Test worker] .b.t.c.SpringBootTestContextBootstrapper : Using TestExecutionListeners: [org.springframework.test.context.web.ServletTestExecutionListener@53354d83, org.springframework.test.context.support.DirtiesContextBeforeModesTestExecutionListener@72889fb2, org.springframework.boot.test.mock.mockito.MockitoTestExecutionListener@7cd312e8, org.springframework.boot.test.autoconfigure.SpringBootDependencyInjectionTestExecutionListener@9e8c55f, org.springframework.test.context.support.DirtiesContextTestExecutionListener@70c8c8b4, org.springframework.test.context.transaction.TransactionalTestExecutionListener@468bbc10, org.springframework.test.context.jdbc.SqlScriptsTestExecutionListener@222ba27b, org.springframework.test.context.event.EventPublishingTestExecutionListener@6da6495c, org.springframework.boot.test.autoconfigure.restdocs.RestDocsTestExecutionListener@5b1db134, org.springframework.boot.test.autoconfigure.web.client.MockRestServiceServerResetTestExecutionListener@406dfd7b, org.springframework.boot.test.autoconfigure.web.servlet.MockMvcPrintOnlyOnFailureTestExecutionListener@3faaa777, org.springframework.boot.test.autoconfigure.web.servlet.WebDriverTestExecutionListener@6099e577, org.springframework.boot.test.autoconfigure.webservices.client.MockWebServiceServerTestExecutionListener@563b7c41, org.springframework.boot.test.mock.mockito.ResetMocksTestExecutionListener@7912c5d8]
]]></system-out>
  <system-err><![CDATA[]]></system-err>
</testsuite>
