<?xml version="1.0" encoding="UTF-8"?>
<testsuite name="pl.edu.pjatk.simulator.controller.TrainControllerTest" tests="4" skipped="0" failures="0" errors="0" timestamp="2020-12-21T11:46:23" hostname="ArchLegion" time="0.021">
  <properties/>
  <testcase name="deleteTrain()" classname="pl.edu.pjatk.simulator.controller.TrainControllerTest" time="0.005"/>
  <testcase name="updateTrain()" classname="pl.edu.pjatk.simulator.controller.TrainControllerTest" time="0.005"/>
  <testcase name="getTrain()" classname="pl.edu.pjatk.simulator.controller.TrainControllerTest" time="0.005"/>
  <testcase name="postTrain()" classname="pl.edu.pjatk.simulator.controller.TrainControllerTest" time="0.003"/>
  <system-out><![CDATA[2020-12-21 12:46:23.200  INFO 78994 --- [    Test worker] .b.t.a.w.s.WebMvcTestContextBootstrapper : Neither @ContextConfiguration nor @ContextHierarchy found for test class [pl.edu.pjatk.simulator.controller.TrainControllerTest], using SpringBootContextLoader
2020-12-21 12:46:23.201  INFO 78994 --- [    Test worker] o.s.t.c.support.AbstractContextLoader    : Could not detect default resource locations for test class [pl.edu.pjatk.simulator.controller.TrainControllerTest]: no resource found for suffixes {-context.xml, Context.groovy}.
2020-12-21 12:46:23.201  INFO 78994 --- [    Test worker] t.c.s.AnnotationConfigContextLoaderUtils : Could not detect default configuration classes for test class [pl.edu.pjatk.simulator.controller.TrainControllerTest]: TrainControllerTest does not declare any static, non-private, non-final, nested classes annotated with @Configuration.
2020-12-21 12:46:23.203  INFO 78994 --- [    Test worker] .b.t.c.SpringBootTestContextBootstrapper : Found @SpringBootConfiguration pl.edu.pjatk.simulator.Application for test class pl.edu.pjatk.simulator.controller.TrainControllerTest
2020-12-21 12:46:23.203  INFO 78994 --- [    Test worker] .b.t.a.w.s.WebMvcTestContextBootstrapper : Loaded default TestExecutionListener class names from location [META-INF/spring.factories]: [org.springframework.boot.test.autoconfigure.restdocs.RestDocsTestExecutionListener, org.springframework.boot.test.autoconfigure.web.client.MockRestServiceServerResetTestExecutionListener, org.springframework.boot.test.autoconfigure.web.servlet.MockMvcPrintOnlyOnFailureTestExecutionListener, org.springframework.boot.test.autoconfigure.web.servlet.WebDriverTestExecutionListener, org.springframework.boot.test.autoconfigure.webservices.client.MockWebServiceServerTestExecutionListener, org.springframework.boot.test.mock.mockito.MockitoTestExecutionListener, org.springframework.boot.test.mock.mockito.ResetMocksTestExecutionListener, org.springframework.test.context.web.ServletTestExecutionListener, org.springframework.test.context.support.DirtiesContextBeforeModesTestExecutionListener, org.springframework.test.context.support.DependencyInjectionTestExecutionListener, org.springframework.test.context.support.DirtiesContextTestExecutionListener, org.springframework.test.context.transaction.TransactionalTestExecutionListener, org.springframework.test.context.jdbc.SqlScriptsTestExecutionListener, org.springframework.test.context.event.EventPublishingTestExecutionListener]
2020-12-21 12:46:23.203  INFO 78994 --- [    Test worker] .b.t.a.w.s.WebMvcTestContextBootstrapper : Using TestExecutionListeners: [org.springframework.test.context.web.ServletTestExecutionListener@7aedd71c, org.springframework.test.context.support.DirtiesContextBeforeModesTestExecutionListener@2ed49e3e, org.springframework.boot.test.mock.mockito.MockitoTestExecutionListener@394ae316, org.springframework.boot.test.autoconfigure.SpringBootDependencyInjectionTestExecutionListener@7de17cb, org.springframework.test.context.support.DirtiesContextTestExecutionListener@131f751b, org.springframework.test.context.transaction.TransactionalTestExecutionListener@19b02c28, org.springframework.test.context.jdbc.SqlScriptsTestExecutionListener@770c2e5b, org.springframework.test.context.event.EventPublishingTestExecutionListener@9b1f3e, org.springframework.boot.test.autoconfigure.restdocs.RestDocsTestExecutionListener@6844059b, org.springframework.boot.test.autoconfigure.web.client.MockRestServiceServerResetTestExecutionListener@700db5d7, org.springframework.boot.test.autoconfigure.web.servlet.MockMvcPrintOnlyOnFailureTestExecutionListener@66e5237b, org.springframework.boot.test.autoconfigure.web.servlet.WebDriverTestExecutionListener@3e5fa276, org.springframework.boot.test.autoconfigure.webservices.client.MockWebServiceServerTestExecutionListener@767f00fb, org.springframework.boot.test.mock.mockito.ResetMocksTestExecutionListener@6b41b0ee]

  .   ____          _            __ _ _
 /\\ / ___'_ __ _ _(_)_ __  __ _ \ \ \ \
( ( )\___ | '_ | '_| | '_ \/ _` | \ \ \ \
 \\/  ___)| |_)| | | | | || (_| |  ) ) ) )
  '  |____| .__|_| |_|_| |_\__, | / / / /
 =========|_|==============|___/=/_/_/_/
 :: Spring Boot ::        (v2.3.4.RELEASE)

2020-12-21 12:46:23.216  INFO 78994 --- [    Test worker] p.e.p.s.controller.TrainControllerTest   : Starting TrainControllerTest on ArchLegion with PID 78994 (started by malar in /home/malar/Projects/IntelliJ/JAZ-SKM/simulator)
2020-12-21 12:46:23.216  INFO 78994 --- [    Test worker] p.e.p.s.controller.TrainControllerTest   : No active profile set, falling back to default profiles: default
2020-12-21 12:46:23.349  INFO 78994 --- [    Test worker] o.s.s.concurrent.ThreadPoolTaskExecutor  : Initializing ExecutorService 'applicationTaskExecutor'
2020-12-21 12:46:23.405  INFO 78994 --- [    Test worker] o.s.b.t.m.w.SpringBootMockServletContext : Initializing Spring TestDispatcherServlet ''
2020-12-21 12:46:23.405  INFO 78994 --- [    Test worker] o.s.t.web.servlet.TestDispatcherServlet  : Initializing Servlet ''
2020-12-21 12:46:23.408  INFO 78994 --- [    Test worker] o.s.t.web.servlet.TestDispatcherServlet  : Completed initialization in 3 ms
2020-12-21 12:46:23.414  INFO 78994 --- [    Test worker] p.e.p.s.controller.TrainControllerTest   : Started TrainControllerTest in 0.209 seconds (JVM running for 4.023)

MockHttpServletRequest:
      HTTP Method = GET
      Request URI = /trains
       Parameters = {}
          Headers = [Accept:"application/json"]
             Body = <no character encoding set>
    Session Attrs = {}

Handler:
             Type = pl.edu.pjatk.simulator.controller.TrainController
           Method = pl.edu.pjatk.simulator.controller.TrainController#getAll(int, int, String)

Async:
    Async started = false
     Async result = null

Resolved Exception:
             Type = null

ModelAndView:
        View name = null
             View = null
            Model = null

FlashMap:
       Attributes = null

MockHttpServletResponse:
           Status = 200
    Error message = null
          Headers = [Content-Type:"application/json"]
     Content type = application/json
             Body = [{"pageSize":4,"page":0,"sort":"asc,id"}]
    Forwarded URL = null
   Redirected URL = null
          Cookies = []
]]></system-out>
  <system-err><![CDATA[]]></system-err>
</testsuite>
