<?xml version="1.0" encoding="UTF-8"?>
<testsuite name="pl.edu.pjatk.simulator.service.PersonServiceTest" tests="4" skipped="0" failures="0" errors="0" timestamp="2020-12-21T11:46:23" hostname="ArchLegion" time="0.019">
  <properties/>
  <testcase name="getById()" classname="pl.edu.pjatk.simulator.service.PersonServiceTest" time="0.008"/>
  <testcase name="createOrUpdateShouldAddPerson()" classname="pl.edu.pjatk.simulator.service.PersonServiceTest" time="0.002"/>
  <testcase name="createOrUpdateShouldUpdatePerson()" classname="pl.edu.pjatk.simulator.service.PersonServiceTest" time="0.005"/>
  <testcase name="deleteById()" classname="pl.edu.pjatk.simulator.service.PersonServiceTest" time="0.003"/>
  <system-out><![CDATA[2020-12-21 12:46:23.439  INFO 78994 --- [    Test worker] .b.t.c.SpringBootTestContextBootstrapper : Neither @ContextConfiguration nor @ContextHierarchy found for test class [pl.edu.pjatk.simulator.service.PersonServiceTest], using SpringBootContextLoader
2020-12-21 12:46:23.439  INFO 78994 --- [    Test worker] o.s.t.c.support.AbstractContextLoader    : Could not detect default resource locations for test class [pl.edu.pjatk.simulator.service.PersonServiceTest]: no resource found for suffixes {-context.xml, Context.groovy}.
2020-12-21 12:46:23.440  INFO 78994 --- [    Test worker] t.c.s.AnnotationConfigContextLoaderUtils : Could not detect default configuration classes for test class [pl.edu.pjatk.simulator.service.PersonServiceTest]: PersonServiceTest does not declare any static, non-private, non-final, nested classes annotated with @Configuration.
2020-12-21 12:46:23.443  INFO 78994 --- [    Test worker] .b.t.c.SpringBootTestContextBootstrapper : Found @SpringBootConfiguration pl.edu.pjatk.simulator.Application for test class pl.edu.pjatk.simulator.service.PersonServiceTest
2020-12-21 12:46:23.444  INFO 78994 --- [    Test worker] .b.t.c.SpringBootTestContextBootstrapper : Loaded default TestExecutionListener class names from location [META-INF/spring.factories]: [org.springframework.boot.test.autoconfigure.restdocs.RestDocsTestExecutionListener, org.springframework.boot.test.autoconfigure.web.client.MockRestServiceServerResetTestExecutionListener, org.springframework.boot.test.autoconfigure.web.servlet.MockMvcPrintOnlyOnFailureTestExecutionListener, org.springframework.boot.test.autoconfigure.web.servlet.WebDriverTestExecutionListener, org.springframework.boot.test.autoconfigure.webservices.client.MockWebServiceServerTestExecutionListener, org.springframework.boot.test.mock.mockito.MockitoTestExecutionListener, org.springframework.boot.test.mock.mockito.ResetMocksTestExecutionListener, org.springframework.test.context.web.ServletTestExecutionListener, org.springframework.test.context.support.DirtiesContextBeforeModesTestExecutionListener, org.springframework.test.context.support.DependencyInjectionTestExecutionListener, org.springframework.test.context.support.DirtiesContextTestExecutionListener, org.springframework.test.context.transaction.TransactionalTestExecutionListener, org.springframework.test.context.jdbc.SqlScriptsTestExecutionListener, org.springframework.test.context.event.EventPublishingTestExecutionListener]
2020-12-21 12:46:23.444  INFO 78994 --- [    Test worker] .b.t.c.SpringBootTestContextBootstrapper : Using TestExecutionListeners: [org.springframework.test.context.web.ServletTestExecutionListener@319a00e4, org.springframework.test.context.support.DirtiesContextBeforeModesTestExecutionListener@19204482, org.springframework.boot.test.mock.mockito.MockitoTestExecutionListener@7d498225, org.springframework.boot.test.autoconfigure.SpringBootDependencyInjectionTestExecutionListener@5184de28, org.springframework.test.context.support.DirtiesContextTestExecutionListener@307879dc, org.springframework.test.context.transaction.TransactionalTestExecutionListener@2be73f05, org.springframework.test.context.jdbc.SqlScriptsTestExecutionListener@1a0ec8f6, org.springframework.test.context.event.EventPublishingTestExecutionListener@6d8c3001, org.springframework.boot.test.autoconfigure.restdocs.RestDocsTestExecutionListener@1e4912f5, org.springframework.boot.test.autoconfigure.web.client.MockRestServiceServerResetTestExecutionListener@c44192e, org.springframework.boot.test.autoconfigure.web.servlet.MockMvcPrintOnlyOnFailureTestExecutionListener@60e12928, org.springframework.boot.test.autoconfigure.web.servlet.WebDriverTestExecutionListener@6ce1010d, org.springframework.boot.test.autoconfigure.webservices.client.MockWebServiceServerTestExecutionListener@3a6978de, org.springframework.boot.test.mock.mockito.ResetMocksTestExecutionListener@16c88bd4]
]]></system-out>
  <system-err><![CDATA[]]></system-err>
</testsuite>
