<?xml version="1.0" encoding="UTF-8"?>
<testsuite name="pl.edu.pjatk.simulator.controller.CompartmentControllerTest" tests="4" skipped="0" failures="0" errors="0" timestamp="2020-12-21T11:46:22" hostname="ArchLegion" time="0.111">
  <properties/>
  <testcase name="updateCompartment()" classname="pl.edu.pjatk.simulator.controller.CompartmentControllerTest" time="0.083"/>
  <testcase name="deleteCompartment()" classname="pl.edu.pjatk.simulator.controller.CompartmentControllerTest" time="0.004"/>
  <testcase name="postCompartment()" classname="pl.edu.pjatk.simulator.controller.CompartmentControllerTest" time="0.003"/>
  <testcase name="getTrain()" classname="pl.edu.pjatk.simulator.controller.CompartmentControllerTest" time="0.018"/>
  <system-out><![CDATA[2020-12-21 12:46:22.536  INFO 78994 --- [    Test worker] .b.t.a.w.s.WebMvcTestContextBootstrapper : Neither @ContextConfiguration nor @ContextHierarchy found for test class [pl.edu.pjatk.simulator.controller.CompartmentControllerTest], using SpringBootContextLoader
2020-12-21 12:46:22.536  INFO 78994 --- [    Test worker] o.s.t.c.support.AbstractContextLoader    : Could not detect default resource locations for test class [pl.edu.pjatk.simulator.controller.CompartmentControllerTest]: no resource found for suffixes {-context.xml, Context.groovy}.
2020-12-21 12:46:22.537  INFO 78994 --- [    Test worker] t.c.s.AnnotationConfigContextLoaderUtils : Could not detect default configuration classes for test class [pl.edu.pjatk.simulator.controller.CompartmentControllerTest]: CompartmentControllerTest does not declare any static, non-private, non-final, nested classes annotated with @Configuration.
2020-12-21 12:46:22.548  INFO 78994 --- [    Test worker] .b.t.c.SpringBootTestContextBootstrapper : Found @SpringBootConfiguration pl.edu.pjatk.simulator.Application for test class pl.edu.pjatk.simulator.controller.CompartmentControllerTest
2020-12-21 12:46:22.548  INFO 78994 --- [    Test worker] .b.t.a.w.s.WebMvcTestContextBootstrapper : Loaded default TestExecutionListener class names from location [META-INF/spring.factories]: [org.springframework.boot.test.autoconfigure.restdocs.RestDocsTestExecutionListener, org.springframework.boot.test.autoconfigure.web.client.MockRestServiceServerResetTestExecutionListener, org.springframework.boot.test.autoconfigure.web.servlet.MockMvcPrintOnlyOnFailureTestExecutionListener, org.springframework.boot.test.autoconfigure.web.servlet.WebDriverTestExecutionListener, org.springframework.boot.test.autoconfigure.webservices.client.MockWebServiceServerTestExecutionListener, org.springframework.boot.test.mock.mockito.MockitoTestExecutionListener, org.springframework.boot.test.mock.mockito.ResetMocksTestExecutionListener, org.springframework.test.context.web.ServletTestExecutionListener, org.springframework.test.context.support.DirtiesContextBeforeModesTestExecutionListener, org.springframework.test.context.support.DependencyInjectionTestExecutionListener, org.springframework.test.context.support.DirtiesContextTestExecutionListener, org.springframework.test.context.transaction.TransactionalTestExecutionListener, org.springframework.test.context.jdbc.SqlScriptsTestExecutionListener, org.springframework.test.context.event.EventPublishingTestExecutionListener]
2020-12-21 12:46:22.549  INFO 78994 --- [    Test worker] .b.t.a.w.s.WebMvcTestContextBootstrapper : Using TestExecutionListeners: [org.springframework.test.context.web.ServletTestExecutionListener@2edb00cd, org.springframework.test.context.support.DirtiesContextBeforeModesTestExecutionListener@501cbb11, org.springframework.boot.test.mock.mockito.MockitoTestExecutionListener@37e41693, org.springframework.boot.test.autoconfigure.SpringBootDependencyInjectionTestExecutionListener@38063a09, org.springframework.test.context.support.DirtiesContextTestExecutionListener@4ead88ac, org.springframework.test.context.transaction.TransactionalTestExecutionListener@7bdc765b, org.springframework.test.context.jdbc.SqlScriptsTestExecutionListener@6c9bb73d, org.springframework.test.context.event.EventPublishingTestExecutionListener@65440ed5, org.springframework.boot.test.autoconfigure.restdocs.RestDocsTestExecutionListener@478e1239, org.springframework.boot.test.autoconfigure.web.client.MockRestServiceServerResetTestExecutionListener@5ff8ca3d, org.springframework.boot.test.autoconfigure.web.servlet.MockMvcPrintOnlyOnFailureTestExecutionListener@6eebaca0, org.springframework.boot.test.autoconfigure.web.servlet.WebDriverTestExecutionListener@2b1c250e, org.springframework.boot.test.autoconfigure.webservices.client.MockWebServiceServerTestExecutionListener@1cb4e58e, org.springframework.boot.test.mock.mockito.ResetMocksTestExecutionListener@5047d07]

  .   ____          _            __ _ _
 /\\ / ___'_ __ _ _(_)_ __  __ _ \ \ \ \
( ( )\___ | '_ | '_| | '_ \/ _` | \ \ \ \
 \\/  ___)| |_)| | | | | || (_| |  ) ) ) )
  '  |____| .__|_| |_|_| |_\__, | / / / /
 =========|_|==============|___/=/_/_/_/
 :: Spring Boot ::        (v2.3.4.RELEASE)

2020-12-21 12:46:22.564  INFO 78994 --- [    Test worker] p.e.p.s.c.CompartmentControllerTest      : Starting CompartmentControllerTest on ArchLegion with PID 78994 (started by malar in /home/malar/Projects/IntelliJ/JAZ-SKM/simulator)
2020-12-21 12:46:22.565  INFO 78994 --- [    Test worker] p.e.p.s.c.CompartmentControllerTest      : No active profile set, falling back to default profiles: default
2020-12-21 12:46:22.752  INFO 78994 --- [    Test worker] o.s.s.concurrent.ThreadPoolTaskExecutor  : Initializing ExecutorService 'applicationTaskExecutor'
2020-12-21 12:46:22.822  INFO 78994 --- [    Test worker] o.s.b.t.m.w.SpringBootMockServletContext : Initializing Spring TestDispatcherServlet ''
2020-12-21 12:46:22.822  INFO 78994 --- [    Test worker] o.s.t.web.servlet.TestDispatcherServlet  : Initializing Servlet ''
2020-12-21 12:46:22.828  INFO 78994 --- [    Test worker] o.s.t.web.servlet.TestDispatcherServlet  : Completed initialization in 6 ms
2020-12-21 12:46:22.837  INFO 78994 --- [    Test worker] p.e.p.s.c.CompartmentControllerTest      : Started CompartmentControllerTest in 0.286 seconds (JVM running for 3.446)

MockHttpServletRequest:
      HTTP Method = GET
      Request URI = /compartments
       Parameters = {}
          Headers = [Accept:"application/json"]
             Body = <no character encoding set>
    Session Attrs = {}

Handler:
             Type = pl.edu.pjatk.simulator.controller.CompartmentController
           Method = pl.edu.pjatk.simulator.controller.CompartmentController#getAll(int, int, String)

Async:
    Async started = false
     Async result = null

Resolved Exception:
             Type = null

ModelAndView:
        View name = null
             View = null
            Model = null

FlashMap:
       Attributes = null

MockHttpServletResponse:
           Status = 200
    Error message = null
          Headers = [Content-Type:"application/json"]
     Content type = application/json
             Body = [{"pageSize":4,"page":0,"sort":"asc,id"}]
    Forwarded URL = null
   Redirected URL = null
          Cookies = []
]]></system-out>
  <system-err><![CDATA[]]></system-err>
</testsuite>
