<?xml version="1.0" encoding="UTF-8"?>
<testsuite name="pl.edu.pjatk.simulator.controller.PersonControllerTest" tests="4" skipped="0" failures="0" errors="0" timestamp="2020-12-21T11:46:23" hostname="ArchLegion" time="0.02">
  <properties/>
  <testcase name="updatePerson()" classname="pl.edu.pjatk.simulator.controller.PersonControllerTest" time="0.006"/>
  <testcase name="deletePerson()" classname="pl.edu.pjatk.simulator.controller.PersonControllerTest" time="0.003"/>
  <testcase name="getPeople()" classname="pl.edu.pjatk.simulator.controller.PersonControllerTest" time="0.005"/>
  <testcase name="postPerson()" classname="pl.edu.pjatk.simulator.controller.PersonControllerTest" time="0.003"/>
  <system-out><![CDATA[2020-12-21 12:46:22.952  INFO 78994 --- [    Test worker] .b.t.a.w.s.WebMvcTestContextBootstrapper : Neither @ContextConfiguration nor @ContextHierarchy found for test class [pl.edu.pjatk.simulator.controller.PersonControllerTest], using SpringBootContextLoader
2020-12-21 12:46:22.953  INFO 78994 --- [    Test worker] o.s.t.c.support.AbstractContextLoader    : Could not detect default resource locations for test class [pl.edu.pjatk.simulator.controller.PersonControllerTest]: no resource found for suffixes {-context.xml, Context.groovy}.
2020-12-21 12:46:22.953  INFO 78994 --- [    Test worker] t.c.s.AnnotationConfigContextLoaderUtils : Could not detect default configuration classes for test class [pl.edu.pjatk.simulator.controller.PersonControllerTest]: PersonControllerTest does not declare any static, non-private, non-final, nested classes annotated with @Configuration.
2020-12-21 12:46:22.955  INFO 78994 --- [    Test worker] .b.t.c.SpringBootTestContextBootstrapper : Found @SpringBootConfiguration pl.edu.pjatk.simulator.Application for test class pl.edu.pjatk.simulator.controller.PersonControllerTest
2020-12-21 12:46:22.955  INFO 78994 --- [    Test worker] .b.t.a.w.s.WebMvcTestContextBootstrapper : Loaded default TestExecutionListener class names from location [META-INF/spring.factories]: [org.springframework.boot.test.autoconfigure.restdocs.RestDocsTestExecutionListener, org.springframework.boot.test.autoconfigure.web.client.MockRestServiceServerResetTestExecutionListener, org.springframework.boot.test.autoconfigure.web.servlet.MockMvcPrintOnlyOnFailureTestExecutionListener, org.springframework.boot.test.autoconfigure.web.servlet.WebDriverTestExecutionListener, org.springframework.boot.test.autoconfigure.webservices.client.MockWebServiceServerTestExecutionListener, org.springframework.boot.test.mock.mockito.MockitoTestExecutionListener, org.springframework.boot.test.mock.mockito.ResetMocksTestExecutionListener, org.springframework.test.context.web.ServletTestExecutionListener, org.springframework.test.context.support.DirtiesContextBeforeModesTestExecutionListener, org.springframework.test.context.support.DependencyInjectionTestExecutionListener, org.springframework.test.context.support.DirtiesContextTestExecutionListener, org.springframework.test.context.transaction.TransactionalTestExecutionListener, org.springframework.test.context.jdbc.SqlScriptsTestExecutionListener, org.springframework.test.context.event.EventPublishingTestExecutionListener]
2020-12-21 12:46:22.955  INFO 78994 --- [    Test worker] .b.t.a.w.s.WebMvcTestContextBootstrapper : Using TestExecutionListeners: [org.springframework.test.context.web.ServletTestExecutionListener@2a7a1214, org.springframework.test.context.support.DirtiesContextBeforeModesTestExecutionListener@67d41af9, org.springframework.boot.test.mock.mockito.MockitoTestExecutionListener@3a35df7a, org.springframework.boot.test.autoconfigure.SpringBootDependencyInjectionTestExecutionListener@71cea4fd, org.springframework.test.context.support.DirtiesContextTestExecutionListener@b5ee262, org.springframework.test.context.transaction.TransactionalTestExecutionListener@4c1a2222, org.springframework.test.context.jdbc.SqlScriptsTestExecutionListener@5840fad4, org.springframework.test.context.event.EventPublishingTestExecutionListener@5c2d546d, org.springframework.boot.test.autoconfigure.restdocs.RestDocsTestExecutionListener@201cf078, org.springframework.boot.test.autoconfigure.web.client.MockRestServiceServerResetTestExecutionListener@3d0add6b, org.springframework.boot.test.autoconfigure.web.servlet.MockMvcPrintOnlyOnFailureTestExecutionListener@62c30644, org.springframework.boot.test.autoconfigure.web.servlet.WebDriverTestExecutionListener@54fba84d, org.springframework.boot.test.autoconfigure.webservices.client.MockWebServiceServerTestExecutionListener@13230d9a, org.springframework.boot.test.mock.mockito.ResetMocksTestExecutionListener@78296b10]

  .   ____          _            __ _ _
 /\\ / ___'_ __ _ _(_)_ __  __ _ \ \ \ \
( ( )\___ | '_ | '_| | '_ \/ _` | \ \ \ \
 \\/  ___)| |_)| | | | | || (_| |  ) ) ) )
  '  |____| .__|_| |_|_| |_\__, | / / / /
 =========|_|==============|___/=/_/_/_/
 :: Spring Boot ::        (v2.3.4.RELEASE)

2020-12-21 12:46:22.967  INFO 78994 --- [    Test worker] p.e.p.s.controller.PersonControllerTest  : Starting PersonControllerTest on ArchLegion with PID 78994 (started by malar in /home/malar/Projects/IntelliJ/JAZ-SKM/simulator)
2020-12-21 12:46:22.967  INFO 78994 --- [    Test worker] p.e.p.s.controller.PersonControllerTest  : No active profile set, falling back to default profiles: default
2020-12-21 12:46:23.105  INFO 78994 --- [    Test worker] o.s.s.concurrent.ThreadPoolTaskExecutor  : Initializing ExecutorService 'applicationTaskExecutor'
2020-12-21 12:46:23.167  INFO 78994 --- [    Test worker] o.s.b.t.m.w.SpringBootMockServletContext : Initializing Spring TestDispatcherServlet ''
2020-12-21 12:46:23.167  INFO 78994 --- [    Test worker] o.s.t.web.servlet.TestDispatcherServlet  : Initializing Servlet ''
2020-12-21 12:46:23.170  INFO 78994 --- [    Test worker] o.s.t.web.servlet.TestDispatcherServlet  : Completed initialization in 3 ms
2020-12-21 12:46:23.176  INFO 78994 --- [    Test worker] p.e.p.s.controller.PersonControllerTest  : Started PersonControllerTest in 0.219 seconds (JVM running for 3.785)

MockHttpServletRequest:
      HTTP Method = GET
      Request URI = /people
       Parameters = {}
          Headers = [Accept:"application/json"]
             Body = <no character encoding set>
    Session Attrs = {}

Handler:
             Type = pl.edu.pjatk.simulator.controller.PersonController
           Method = pl.edu.pjatk.simulator.controller.PersonController#getAll(int, int, String)

Async:
    Async started = false
     Async result = null

Resolved Exception:
             Type = null

ModelAndView:
        View name = null
             View = null
            Model = null

FlashMap:
       Attributes = null

MockHttpServletResponse:
           Status = 200
    Error message = null
          Headers = [Content-Type:"application/json"]
     Content type = application/json
             Body = [{"pageSize":4,"page":0,"sort":"asc,id"}]
    Forwarded URL = null
   Redirected URL = null
          Cookies = []
]]></system-out>
  <system-err><![CDATA[]]></system-err>
</testsuite>
